<?xml version="1.0" encoding="UTF-8"?>
<testsuite name="tesco.com.datastructures.singlelinkedlist.test.SingleLinkedListTest" tests="1" skipped="0" failures="0" errors="0" timestamp="2017-12-20T05:45:47" hostname="vagrant-pc" time="0.008">
  <properties/>
  <testcase name="shouldAddElementToTheListWhenItIsEmpty" classname="tesco.com.datastructures.singlelinkedlist.test.SingleLinkedListTest" time="0.008"/>
  <system-out><![CDATA[]]></system-out>
  <system-err><![CDATA[]]></system-err>
</testsuite>
